<?xml version="1.0" encoding="UTF-8"?>
<testsuite name="au.com.dius.pactworkshop.consumer.ProductConsumerPactTest" tests="6" skipped="0" failures="0" errors="0" timestamp="2022-08-05T08:18:18" hostname="MacBookGilevichKYu3.local" time="2.886">
  <properties/>
  <testcase name="getAllProducts_whenNoAuth(MockServer, RequestResponsePact)" classname="au.com.dius.pactworkshop.consumer.ProductConsumerPactTest" time="1.93"/>
  <testcase name="getAllProducts_whenNoProductsExist(MockServer, RequestResponsePact)" classname="au.com.dius.pactworkshop.consumer.ProductConsumerPactTest" time="0.342"/>
  <testcase name="getProductById_whenProductWithId11DoesNotExist(MockServer, RequestResponsePact)" classname="au.com.dius.pactworkshop.consumer.ProductConsumerPactTest" time="0.133"/>
  <testcase name="getProductById_whenProductWithId10Exists(MockServer, RequestResponsePact)" classname="au.com.dius.pactworkshop.consumer.ProductConsumerPactTest" time="0.169"/>
  <testcase name="getProductById_whenNoAuth(MockServer, RequestResponsePact)" classname="au.com.dius.pactworkshop.consumer.ProductConsumerPactTest" time="0.151"/>
  <testcase name="getAllProducts_whenProductsExist(MockServer, RequestResponsePact)" classname="au.com.dius.pactworkshop.consumer.ProductConsumerPactTest" time="0.156"/>
  <system-out><![CDATA[]]></system-out>
  <system-err><![CDATA[]]></system-err>
</testsuite>
